23:09:27.272 INFO [GridLauncherV3.launch] - Selenium build info: version: '3.13.0', revision: '2f0d292'
23:09:27.273 INFO [GridLauncherV3$1.launch] - Launching a standalone Selenium Server on port 4444
2018-07-29 23:09:27.344:INFO::main: Logging initialized @280ms to org.seleniumhq.jetty9.util.log.StdErrLog
23:09:27.512 INFO [SeleniumServer.boot] - Selenium Server is up and running on port 4444
23:09:28.995 INFO [ActiveSessionFactory.apply] - Capabilities are: {
  "acceptSslCerts": true,
  "browserName": "firefox",
  "javascriptEnabled": true,
  "marionette": true
}
23:09:28.997 INFO [ActiveSessionFactory.lambda$apply$11] - Matched factory org.openqa.selenium.remote.server.ServicedSession$Factory (provider: org.openqa.selenium.firefox.GeckoDriverService)
1532898569033	geckodriver	INFO	geckodriver 0.20.0
1532898569042	geckodriver	INFO	Listening on 127.0.0.1:4460
1532898569908	mozrunner::runner	INFO	Running command: "C:\\Program Files (x86)\\Mozilla Firefox\\firefox.exe" "-marionette" "-profile" "C:\\Users\\nomis\\AppData\\Local\\Temp\\rust_mozprofile.kv1vmqM80dis"
Unable to read VR Path Registry from C:\Users\nomis\AppData\Local\openvr\openvrpaths.vrpath
Unable to read VR Path Registry from C:\Users\nomis\AppData\Local\openvr\openvrpaths.vrpath
Unable to read VR Path Registry from C:\Users\nomis\AppData\Local\openvr\openvrpaths.vrpath
Unable to read VR Path Registry from C:\Users\nomis\AppData\Local\openvr\openvrpaths.vrpath
Unable to read VR Path Registry from C:\Users\nomis\AppData\Local\openvr\openvrpaths.vrpath
1532898573530	Marionette	INFO	Listening on port 54866
23:09:34.446 INFO [ProtocolHandshake.createSession] - Detected dialect: W3C
23:09:34.483 INFO [RemoteSession$Factory.lambda$performHandshake$0] - Started new session ed919799-945c-41bd-829d-600b4a8defe0 (org.openqa.selenium.firefox.GeckoDriverService)
[Child 11240, Chrome_ChildThread] WARNING: pipe error: 109: file z:/build/build/src/ipc/chromium/src/chrome/common/ipc_channel_win.cc, line 346
[Child 11240, [Child 10324, Chrome_ChildThread] WARNING: pipe error: 109: file z:/build/build/src/ipc/chromium/src/chrome/common/ipc_channel_win.cc, line 346
[Child 10324, Chrome_ChildThread] WARNING: pipe error: 109: file z:/build/build/src/ipc/chromium/src/chrome/common/i[Parent 11892, Gecko_IOThread] WARNING: pipe error: 109: file z:/build/build/src/ipc/chromium/src/chrome/common/ipc_channel_win.cc, line 346
[Child 12292, Chrome_ChildThread] WARNING: pipe error: 109: file z:/build/build/src/ipc/chromium/src/chrome/common/ipc_channel_win.cc, line 346
[Child 12292, Chrome_ChildThread] WARNING: pipe error: 109: file z:/build/build/src/ipc/chromium/src/chrome/common/ipc_channel_win.cc, line 346
*** UTM:SVC TimerManager:registerTimer called after profile-before-change notification. Ignoring timer registration for id: telemetry_modules_ping
[GPU 12316, Chrome_ChildThread] WAR
###!!! [Child][MessageChannel::SendAndWait] Error: Channel error: cannot send/recv

1532898580803	geckodriver::marionette	ERROR	Failed to stop browser process
23:09:40.849 INFO [ActiveSessions$1.onStop] - Removing session ed919799-945c-41bd-829d-600b4a8defe0 (org.openqa.selenium.firefox.GeckoDriverService)
